2025-11-27 21:35:54.709 +01:00 [INF] Starting Monetaris API
2025-11-27 21:35:55.686 +01:00 [INF] Applying database migrations...
2025-11-27 21:35:57.309 +01:00 [INF] Executed DbCommand (26ms) [Parameters=[], CommandType='"Text"', CommandTimeout='30']
SELECT migration_id, product_version
FROM "__EFMigrationsHistory"
ORDER BY migration_id;
2025-11-27 21:35:57.519 +01:00 [INF] Executed DbCommand (9ms) [Parameters=[], CommandType='"Text"', CommandTimeout='30']
CREATE TABLE IF NOT EXISTS "__EFMigrationsHistory" (
    migration_id character varying(150) NOT NULL,
    product_version character varying(32) NOT NULL,
    CONSTRAINT pk___ef_migrations_history PRIMARY KEY (migration_id)
);
2025-11-27 21:35:57.530 +01:00 [INF] Acquiring an exclusive lock for migration application. See https://aka.ms/efcore-docs-migrations-lock for more information if this takes too long.
2025-11-27 21:35:57.535 +01:00 [INF] Executed DbCommand (4ms) [Parameters=[], CommandType='"Text"', CommandTimeout='30']
LOCK TABLE "__EFMigrationsHistory" IN ACCESS EXCLUSIVE MODE
2025-11-27 21:35:57.537 +01:00 [INF] Executed DbCommand (1ms) [Parameters=[], CommandType='"Text"', CommandTimeout='30']
SELECT migration_id, product_version
FROM "__EFMigrationsHistory"
ORDER BY migration_id;
2025-11-27 21:35:57.548 +01:00 [INF] No migrations were applied. The database is already up to date.
2025-11-27 21:35:57.556 +01:00 [INF] Database migrations applied successfully
2025-11-27 21:35:57.891 +01:00 [INF] Executed DbCommand (11ms) [Parameters=[], CommandType='"Text"', CommandTimeout='30']
SELECT EXISTS (
    SELECT 1
    FROM kreditoren AS k)
2025-11-27 21:35:57.899 +01:00 [INF] Database already seeded, skipping...
2025-11-27 21:35:58.040 +01:00 [INF] Monetaris API started successfully
2025-11-27 21:35:58.074 +01:00 [INF] User profile is available. Using 'C:\Users\fandrich\AppData\Local\ASP.NET\DataProtection-Keys' as key repository and Windows DPAPI to encrypt keys at rest.
2025-11-27 21:35:58.183 +01:00 [INF] Now listening on: http://localhost:3002
2025-11-27 21:35:58.184 +01:00 [INF] Application started. Press Ctrl+C to shut down.
2025-11-27 21:35:58.184 +01:00 [INF] Hosting environment: Development
2025-11-27 21:35:58.184 +01:00 [INF] Content root path: C:\Users\fandrich\OneDrive - Strukturschmiede - Ihr Erfolg GmbH\Mieterverwaltung\Mahnwesen\Monetaris\Backend\MonetarisApi
